<?xml version="1.0" encoding="UTF-8"?>
<testng-results skipped="0" failed="1" ignored="0" total="3" passed="2">
  <reporter-output>
  </reporter-output>
  <suite name="Default suite" duration-ms="25240" started-at="2019-03-20T01:10:38Z" finished-at="2019-03-20T01:11:03Z">
    <groups>
    </groups>
    <test name="Default test" duration-ms="25240" started-at="2019-03-20T01:10:38Z" finished-at="2019-03-20T01:11:03Z">
      <class name="com.gcr.qa.testcases.loginpagetest">
        <test-method status="PASS" signature="setup()[pri:0, instance:com.gcr.qa.testcases.loginpagetest@685cb137]" name="setup" is-config="true" duration-ms="8307" started-at="2019-03-20T01:10:38Z" finished-at="2019-03-20T01:10:46Z">
          <reporter-output>
          </reporter-output>
        </test-method> <!-- setup -->
        <test-method status="FAIL" signature="loginpagetest()[pri:1, instance:com.gcr.qa.testcases.loginpagetest@685cb137]" name="loginpagetest" duration-ms="50" started-at="2019-03-20T01:10:46Z" finished-at="2019-03-20T01:10:47Z">
          <exception class="java.lang.AssertionError">
            <message>
              <![CDATA[expected [GR Shop] but found [GCR Shop]]]>
            </message>
            <full-stacktrace>
              <![CDATA[java.lang.AssertionError: expected [GR Shop] but found [GCR Shop]
at org.testng.Assert.fail(Assert.java:96)
at org.testng.Assert.failNotEquals(Assert.java:776)
at org.testng.Assert.assertEqualsImpl(Assert.java:137)
at org.testng.Assert.assertEquals(Assert.java:118)
at org.testng.Assert.assertEquals(Assert.java:453)
at org.testng.Assert.assertEquals(Assert.java:463)
at com.gcr.qa.testcases.loginpagetest.loginpagetest(loginpagetest.java:33)
at sun.reflect.NativeMethodAccessorImpl.invoke0(Native Method)
at sun.reflect.NativeMethodAccessorImpl.invoke(NativeMethodAccessorImpl.java:62)
at sun.reflect.DelegatingMethodAccessorImpl.invoke(DelegatingMethodAccessorImpl.java:43)
at java.lang.reflect.Method.invoke(Method.java:498)
at org.testng.internal.MethodInvocationHelper.invokeMethod(MethodInvocationHelper.java:124)
at org.testng.internal.Invoker.invokeMethod(Invoker.java:583)
at org.testng.internal.Invoker.invokeTestMethod(Invoker.java:719)
at org.testng.internal.Invoker.invokeTestMethods(Invoker.java:989)
at org.testng.internal.TestMethodWorker.invokeTestMethods(TestMethodWorker.java:125)
at org.testng.internal.TestMethodWorker.run(TestMethodWorker.java:109)
at org.testng.TestRunner.privateRun(TestRunner.java:648)
at org.testng.TestRunner.run(TestRunner.java:505)
at org.testng.SuiteRunner.runTest(SuiteRunner.java:455)
at org.testng.SuiteRunner.runSequentially(SuiteRunner.java:450)
at org.testng.SuiteRunner.privateRun(SuiteRunner.java:415)
at org.testng.SuiteRunner.run(SuiteRunner.java:364)
at org.testng.SuiteRunnerWorker.runSuite(SuiteRunnerWorker.java:52)
at org.testng.SuiteRunnerWorker.run(SuiteRunnerWorker.java:84)
at org.testng.TestNG.runSuitesSequentially(TestNG.java:1208)
at org.testng.TestNG.runSuitesLocally(TestNG.java:1137)
at org.testng.TestNG.runSuites(TestNG.java:1049)
at org.testng.TestNG.run(TestNG.java:1017)
at org.testng.remote.AbstractRemoteTestNG.run(AbstractRemoteTestNG.java:114)
at org.testng.remote.RemoteTestNG.initAndRun(RemoteTestNG.java:251)
at org.testng.remote.RemoteTestNG.main(RemoteTestNG.java:77)
]]>
            </full-stacktrace>
          </exception> <!-- java.lang.AssertionError -->
          <reporter-output>
          </reporter-output>
        </test-method> <!-- loginpagetest -->
        <test-method status="PASS" signature="teardown()[pri:0, instance:com.gcr.qa.testcases.loginpagetest@685cb137]" name="teardown" is-config="true" duration-ms="763" started-at="2019-03-20T01:10:47Z" finished-at="2019-03-20T01:10:47Z">
          <reporter-output>
          </reporter-output>
        </test-method> <!-- teardown -->
        <test-method status="PASS" signature="setup()[pri:0, instance:com.gcr.qa.testcases.loginpagetest@685cb137]" name="setup" is-config="true" duration-ms="6359" started-at="2019-03-20T01:10:47Z" finished-at="2019-03-20T01:10:54Z">
          <reporter-output>
          </reporter-output>
        </test-method> <!-- setup -->
        <test-method status="PASS" signature="gcrshopimage()[pri:2, instance:com.gcr.qa.testcases.loginpagetest@685cb137]" name="gcrshopimage" duration-ms="56" started-at="2019-03-20T01:10:54Z" finished-at="2019-03-20T01:10:54Z">
          <reporter-output>
          </reporter-output>
        </test-method> <!-- gcrshopimage -->
        <test-method status="PASS" signature="teardown()[pri:0, instance:com.gcr.qa.testcases.loginpagetest@685cb137]" name="teardown" is-config="true" duration-ms="680" started-at="2019-03-20T01:10:54Z" finished-at="2019-03-20T01:10:54Z">
          <reporter-output>
          </reporter-output>
        </test-method> <!-- teardown -->
        <test-method status="PASS" signature="setup()[pri:0, instance:com.gcr.qa.testcases.loginpagetest@685cb137]" name="setup" is-config="true" duration-ms="6480" started-at="2019-03-20T01:10:54Z" finished-at="2019-03-20T01:11:01Z">
          <reporter-output>
          </reporter-output>
        </test-method> <!-- setup -->
        <test-method status="PASS" signature="logintest()[pri:3, instance:com.gcr.qa.testcases.loginpagetest@685cb137]" name="logintest" duration-ms="1745" started-at="2019-03-20T01:11:01Z" finished-at="2019-03-20T01:11:03Z">
          <reporter-output>
          </reporter-output>
        </test-method> <!-- logintest -->
        <test-method status="PASS" signature="teardown()[pri:0, instance:com.gcr.qa.testcases.loginpagetest@685cb137]" name="teardown" is-config="true" duration-ms="753" started-at="2019-03-20T01:11:03Z" finished-at="2019-03-20T01:11:03Z">
          <reporter-output>
          </reporter-output>
        </test-method> <!-- teardown -->
      </class> <!-- com.gcr.qa.testcases.loginpagetest -->
    </test> <!-- Default test -->
  </suite> <!-- Default suite -->
</testng-results>
